  Логика2.2.cpp
C:\Users\User\source\repos\Логика2.2\Логика2.2\Логика2.2.cpp(93,12): warning C4244: аргумент: преобразование "time_t" в "unsigned int", возможна потеря данных
C:\Users\User\source\repos\Логика2.2\Логика2.2\Логика2.2.cpp(160,9): warning C4477: "printf": в строке форматирования "%s" требуется аргумент типа "char *", но вариативный аргумент "1" имеет тип "const int"
C:\Users\User\source\repos\Логика2.2\Логика2.2\Логика2.2.cpp(190,18): warning C4474: "printf" : для строки формата передано слишком много аргументов
C:\Users\User\source\repos\Логика2.2\Логика2.2\Логика2.2.cpp(190,18): message : заполнители и их параметры ожидают переменное число аргументов в количестве 0, но было предоставлено 1
C:\Users\User\source\repos\Логика2.2\Логика2.2\Логика2.2.cpp(200,20): warning C4474: "printf" : для строки формата передано слишком много аргументов
C:\Users\User\source\repos\Логика2.2\Логика2.2\Логика2.2.cpp(200,20): message : заполнители и их параметры ожидают переменное число аргументов в количестве 0, но было предоставлено 1
C:\Users\User\source\repos\Логика2.2\Логика2.2\Логика2.2.cpp(204,14): warning C4474: "printf" : для строки формата передано слишком много аргументов
C:\Users\User\source\repos\Логика2.2\Логика2.2\Логика2.2.cpp(204,14): message : заполнители и их параметры ожидают переменное число аргументов в количестве 0, но было предоставлено 1
C:\Users\User\source\repos\Логика2.2\Логика2.2\Логика2.2.cpp(214,18): warning C4474: "printf" : для строки формата передано слишком много аргументов
C:\Users\User\source\repos\Логика2.2\Логика2.2\Логика2.2.cpp(214,18): message : заполнители и их параметры ожидают переменное число аргументов в количестве 0, но было предоставлено 1
C:\Users\User\source\repos\Логика2.2\Логика2.2\Логика2.2.cpp(224,18): warning C4474: "printf" : для строки формата передано слишком много аргументов
C:\Users\User\source\repos\Логика2.2\Логика2.2\Логика2.2.cpp(224,18): message : заполнители и их параметры ожидают переменное число аргументов в количестве 0, но было предоставлено 1
C:\Users\User\source\repos\Логика2.2\Логика2.2\Логика2.2.cpp(234,18): warning C4474: "printf" : для строки формата передано слишком много аргументов
C:\Users\User\source\repos\Логика2.2\Логика2.2\Логика2.2.cpp(234,18): message : заполнители и их параметры ожидают переменное число аргументов в количестве 0, но было предоставлено 1
C:\Users\User\source\repos\Логика2.2\Логика2.2\Логика2.2.cpp(244,20): warning C4474: "printf" : для строки формата передано слишком много аргументов
C:\Users\User\source\repos\Логика2.2\Логика2.2\Логика2.2.cpp(244,20): message : заполнители и их параметры ожидают переменное число аргументов в количестве 0, но было предоставлено 1
C:\Users\User\source\repos\Логика2.2\Логика2.2\Логика2.2.cpp(249,14): warning C4474: "printf" : для строки формата передано слишком много аргументов
C:\Users\User\source\repos\Логика2.2\Логика2.2\Логика2.2.cpp(249,14): message : заполнители и их параметры ожидают переменное число аргументов в количестве 0, но было предоставлено 1
C:\Users\User\source\repos\Логика2.2\Логика2.2\Логика2.2.cpp(259,18): warning C4474: "printf" : для строки формата передано слишком много аргументов
C:\Users\User\source\repos\Логика2.2\Логика2.2\Логика2.2.cpp(259,18): message : заполнители и их параметры ожидают переменное число аргументов в количестве 0, но было предоставлено 1
C:\Users\User\source\repos\Логика2.2\Логика2.2\Логика2.2.cpp(269,18): warning C4474: "printf" : для строки формата передано слишком много аргументов
C:\Users\User\source\repos\Логика2.2\Логика2.2\Логика2.2.cpp(269,18): message : заполнители и их параметры ожидают переменное число аргументов в количестве 0, но было предоставлено 1
C:\Users\User\source\repos\Логика2.2\Логика2.2\Логика2.2.cpp(279,18): warning C4474: "printf" : для строки формата передано слишком много аргументов
C:\Users\User\source\repos\Логика2.2\Логика2.2\Логика2.2.cpp(279,18): message : заполнители и их параметры ожидают переменное число аргументов в количестве 0, но было предоставлено 1
C:\Users\User\source\repos\Логика2.2\Логика2.2\Логика2.2.cpp(289,22): warning C4474: "printf" : для строки формата передано слишком много аргументов
C:\Users\User\source\repos\Логика2.2\Логика2.2\Логика2.2.cpp(289,22): message : заполнители и их параметры ожидают переменное число аргументов в количестве 0, но было предоставлено 1
LINK : fatal error LNK1168: не удается открыть C:\Users\User\source\repos\Логика2.2\Debug\Логика2.2.exe для записи
